The system is: Linux - 4.14.186-perf-00288-g088d350d6f39 - aarch64
Compiling the C compiler identification source file "CMakeCCompilerId.c" succeeded.
Compiler: /data/user/0/ru.iiec.cxxdroid/files/bin/clang 
Build flags: -Wall;-std=c99;-fallow-void-main
Id flags:  

The output was:
0


Compilation of the C compiler identification source "CMakeCCompilerId.c" produced "a.out"

The C compiler identification is Clang, found in "/storage/emulated/0/prj/TechnoWar/sdlview/CMakeFiles/3.20.3/CompilerIdC/a.out"

Detecting C compiler ABI info compiled with the following output:
Change Dir: /storage/emulated/0/prj/TechnoWar/sdlview/CMakeFiles/CMakeTmp

Run Build Command(s):/data/user/0/ru.iiec.cxxdroid/files/bin/make -f Makefile cmTC_5b38f/fast && /data/user/0/ru.iiec.cxxdroid/files/bin/make  -f CMakeFiles/cmTC_5b38f.dir/build.make CMakeFiles/cmTC_5b38f.dir/build
make[1]: Entering directory '/storage/emulated/0/prj/TechnoWar/sdlview/CMakeFiles/CMakeTmp'
Building C object CMakeFiles/cmTC_5b38f.dir/CMakeCCompilerABI.c.o
/data/user/0/ru.iiec.cxxdroid/files/bin/clang   -Wall -std=c99 -fallow-void-main    -v -MD -MT CMakeFiles/cmTC_5b38f.dir/CMakeCCompilerABI.c.o -MF CMakeFiles/cmTC_5b38f.dir/CMakeCCompilerABI.c.o.d -o CMakeFiles/cmTC_5b38f.dir/CMakeCCompilerABI.c.o -c /data/data/ru.iiec.cxxdroid/files/share/cmake-3.20/Modules/CMakeCCompilerABI.c
clang version 9.0.1 
Target: aarch64-unknown-linux-android21
Thread model: posix
InstalledDir: /data/user/0/ru.iiec.cxxdroid/files/bin
Found candidate GCC installation: /data/user/0/ru.iiec.cxxdroid/files/bin/../lib/gcc/aarch64-linux-android/4.9.x
Selected GCC installation: /data/user/0/ru.iiec.cxxdroid/files/bin/../lib/gcc/aarch64-linux-android/4.9.x
Candidate multilib: .;@m64
Selected multilib: .;@m64
 "/data/data/ru.iiec.cxxdroid/files/bin/clang-9" -cc1 -triple aarch64-unknown-linux-android21 -emit-obj -mrelax-all -mnoexecstack -disable-free -disable-llvm-verifier -discard-value-names -main-file-name CMakeCCompilerABI.c -mrelocation-model pic -pic-level 2 -mthread-model posix -mdisable-fp-elim -fno-strict-return -masm-verbose -mconstructor-aliases -fuse-init-array -target-cpu generic -target-feature +neon -target-abi aapcs -mllvm -aarch64-fix-cortex-a53-835769=1 -fallow-half-arguments-and-returns -dwarf-column-info -debugger-tuning=gdb -v -coverage-notes-file /storage/emulated/0/prj/TechnoWar/sdlview/CMakeFiles/CMakeTmp/CMakeFiles/cmTC_5b38f.dir/CMakeCCompilerABI.c.gcno -resource-dir /data/data/ru.iiec.cxxdroid/files/lib/clang/9.0.1 -dependency-file CMakeFiles/cmTC_5b38f.dir/CMakeCCompilerABI.c.o.d -sys-header-deps -MT CMakeFiles/cmTC_5b38f.dir/CMakeCCompilerABI.c.o -isysroot /data/user/0/ru.iiec.cxxdroid/files/sysroot -internal-isystem /data/user/0/ru.iiec.cxxdroid/files/sysroot/usr/local/include -internal-isystem /data/data/ru.iiec.cxxdroid/files/lib/clang/9.0.1/include -internal-externc-isystem /data/user/0/ru.iiec.cxxdroid/files/sysroot/usr/include/aarch64-linux-android -internal-externc-isystem /data/user/0/ru.iiec.cxxdroid/files/sysroot/include -internal-externc-isystem /data/user/0/ru.iiec.cxxdroid/files/sysroot/usr/include -Wall -std=c99 -fdebug-compilation-dir /storage/emulated/0/prj/TechnoWar/sdlview/CMakeFiles/CMakeTmp -ferror-limit 19 -fmessage-length 0 -fallow-void-main -fno-signed-char -fobjc-runtime=gcc -fdiagnostics-show-option -o CMakeFiles/cmTC_5b38f.dir/CMakeCCompilerABI.c.o -x c /data/data/ru.iiec.cxxdroid/files/share/cmake-3.20/Modules/CMakeCCompilerABI.c
clang -cc1 version 9.0.1 based upon LLVM 9.0.1 default target aarch64-linux-android21
#include "..." search starts here:
#include <...> search starts here:
 /data/user/0/ru.iiec.cxxdroid/files/sysroot/usr/local/include
 /data/data/ru.iiec.cxxdroid/files/lib/clang/9.0.1/include
 /data/user/0/ru.iiec.cxxdroid/files/sysroot/usr/include/aarch64-linux-android
 /data/user/0/ru.iiec.cxxdroid/files/sysroot/include
 /data/user/0/ru.iiec.cxxdroid/files/sysroot/usr/include
End of search list.
Linking C executable cmTC_5b38f
/data/data/ru.iiec.cxxdroid/files/bin/cmake -E cmake_link_script CMakeFiles/cmTC_5b38f.dir/link.txt --verbose=1
/data/user/0/ru.iiec.cxxdroid/files/bin/clang -Wall -std=c99 -fallow-void-main  -lm -ldl -llog -lz -v CMakeFiles/cmTC_5b38f.dir/CMakeCCompilerABI.c.o -o cmTC_5b38f 
clang version 9.0.1 
Target: aarch64-unknown-linux-android21
Thread model: posix
InstalledDir: /data/user/0/ru.iiec.cxxdroid/files/bin
Found candidate GCC installation: /data/user/0/ru.iiec.cxxdroid/files/bin/../lib/gcc/aarch64-linux-android/4.9.x
Selected GCC installation: /data/user/0/ru.iiec.cxxdroid/files/bin/../lib/gcc/aarch64-linux-android/4.9.x
Candidate multilib: .;@m64
Selected multilib: .;@m64
 "/data/user/0/ru.iiec.cxxdroid/files/bin/ld" --sysroot=/data/user/0/ru.iiec.cxxdroid/files/sysroot -pie -z noexecstack -EL --fix-cortex-a53-843419 --warn-shared-textrel -z now -z relro -z max-page-size=4096 --hash-style=sysv --enable-new-dtags --eh-frame-hdr -m aarch64linux -dynamic-linker /system/bin/linker64 -o cmTC_5b38f /data/user/0/ru.iiec.cxxdroid/files/sysroot/usr/lib/crtbegin_dynamic.o -L/data/user/0/ru.iiec.cxxdroid/files/bin/../lib/gcc/aarch64-linux-android/4.9.x -L/data/user/0/ru.iiec.cxxdroid/files/bin/../lib/gcc/aarch64-linux-android/4.9.x/../../../../aarch64-linux-android/lib -L/data/user/0/ru.iiec.cxxdroid/files/sysroot/lib -L/data/user/0/ru.iiec.cxxdroid/files/sysroot/usr/lib -lm -ldl -llog -lz CMakeFiles/cmTC_5b38f.dir/CMakeCCompilerABI.c.o -lgcc -ldl -lc -lgcc -ldl /data/user/0/ru.iiec.cxxdroid/files/sysroot/usr/lib/crtend_android.o
make[1]: Leaving directory '/storage/emulated/0/prj/TechnoWar/sdlview/CMakeFiles/CMakeTmp'



Parsed C implicit include dir info from above output: rv=done
  found start of include info
  found start of implicit include info
    add: [/data/user/0/ru.iiec.cxxdroid/files/sysroot/usr/local/include]
    add: [/data/data/ru.iiec.cxxdroid/files/lib/clang/9.0.1/include]
    add: [/data/user/0/ru.iiec.cxxdroid/files/sysroot/usr/include/aarch64-linux-android]
    add: [/data/user/0/ru.iiec.cxxdroid/files/sysroot/include]
    add: [/data/user/0/ru.iiec.cxxdroid/files/sysroot/usr/include]
  end of search list found
  collapse include dir [/data/user/0/ru.iiec.cxxdroid/files/sysroot/usr/local/include] ==> [/data/user/0/ru.iiec.cxxdroid/files/sysroot/usr/local/include]
  collapse include dir [/data/data/ru.iiec.cxxdroid/files/lib/clang/9.0.1/include] ==> [/data/data/ru.iiec.cxxdroid/files/lib/clang/9.0.1/include]
  collapse include dir [/data/user/0/ru.iiec.cxxdroid/files/sysroot/usr/include/aarch64-linux-android] ==> [/data/user/0/ru.iiec.cxxdroid/files/sysroot/usr/include/aarch64-linux-android]
  collapse include dir [/data/user/0/ru.iiec.cxxdroid/files/sysroot/include] ==> [/data/user/0/ru.iiec.cxxdroid/files/sysroot/include]
  collapse include dir [/data/user/0/ru.iiec.cxxdroid/files/sysroot/usr/include] ==> [/data/user/0/ru.iiec.cxxdroid/files/sysroot/usr/include]
  implicit include dirs: [/data/user/0/ru.iiec.cxxdroid/files/sysroot/usr/local/include;/data/data/ru.iiec.cxxdroid/files/lib/clang/9.0.1/include;/data/user/0/ru.iiec.cxxdroid/files/sysroot/usr/include/aarch64-linux-android;/data/user/0/ru.iiec.cxxdroid/files/sysroot/include;/data/user/0/ru.iiec.cxxdroid/files/sysroot/usr/include]


Parsed C implicit link information from above output:
  link line regex: [^( *|.*[/\])(ld|CMAKE_LINK_STARTFILE-NOTFOUND|([^/\]+-)?ld|collect2)[^/\]*( |$)]
  ignore line: [Change Dir: /storage/emulated/0/prj/TechnoWar/sdlview/CMakeFiles/CMakeTmp]
  ignore line: []
  ignore line: [Run Build Command(s):/data/user/0/ru.iiec.cxxdroid/files/bin/make -f Makefile cmTC_5b38f/fast && /data/user/0/ru.iiec.cxxdroid/files/bin/make  -f CMakeFiles/cmTC_5b38f.dir/build.make CMakeFiles/cmTC_5b38f.dir/build]
  ignore line: [make[1]: Entering directory '/storage/emulated/0/prj/TechnoWar/sdlview/CMakeFiles/CMakeTmp']
  ignore line: [Building C object CMakeFiles/cmTC_5b38f.dir/CMakeCCompilerABI.c.o]
  ignore line: [/data/user/0/ru.iiec.cxxdroid/files/bin/clang   -Wall -std=c99 -fallow-void-main    -v -MD -MT CMakeFiles/cmTC_5b38f.dir/CMakeCCompilerABI.c.o -MF CMakeFiles/cmTC_5b38f.dir/CMakeCCompilerABI.c.o.d -o CMakeFiles/cmTC_5b38f.dir/CMakeCCompilerABI.c.o -c /data/data/ru.iiec.cxxdroid/files/share/cmake-3.20/Modules/CMakeCCompilerABI.c]
  ignore line: [clang version 9.0.1 ]
  ignore line: [Target: aarch64-unknown-linux-android21]
  ignore line: [Thread model: posix]
  ignore line: [InstalledDir: /data/user/0/ru.iiec.cxxdroid/files/bin]
  ignore line: [Found candidate GCC installation: /data/user/0/ru.iiec.cxxdroid/files/bin/../lib/gcc/aarch64-linux-android/4.9.x]
  ignore line: [Selected GCC installation: /data/user/0/ru.iiec.cxxdroid/files/bin/../lib/gcc/aarch64-linux-android/4.9.x]
  ignore line: [Candidate multilib: .]
  ignore line: [@m64]
  ignore line: [Selected multilib: .]
  ignore line: [@m64]
  ignore line: [ "/data/data/ru.iiec.cxxdroid/files/bin/clang-9" -cc1 -triple aarch64-unknown-linux-android21 -emit-obj -mrelax-all -mnoexecstack -disable-free -disable-llvm-verifier -discard-value-names -main-file-name CMakeCCompilerABI.c -mrelocation-model pic -pic-level 2 -mthread-model posix -mdisable-fp-elim -fno-strict-return -masm-verbose -mconstructor-aliases -fuse-init-array -target-cpu generic -target-feature +neon -target-abi aapcs -mllvm -aarch64-fix-cortex-a53-835769=1 -fallow-half-arguments-and-returns -dwarf-column-info -debugger-tuning=gdb -v -coverage-notes-file /storage/emulated/0/prj/TechnoWar/sdlview/CMakeFiles/CMakeTmp/CMakeFiles/cmTC_5b38f.dir/CMakeCCompilerABI.c.gcno -resource-dir /data/data/ru.iiec.cxxdroid/files/lib/clang/9.0.1 -dependency-file CMakeFiles/cmTC_5b38f.dir/CMakeCCompilerABI.c.o.d -sys-header-deps -MT CMakeFiles/cmTC_5b38f.dir/CMakeCCompilerABI.c.o -isysroot /data/user/0/ru.iiec.cxxdroid/files/sysroot -internal-isystem /data/user/0/ru.iiec.cxxdroid/files/sysroot/usr/local/include -internal-isystem /data/data/ru.iiec.cxxdroid/files/lib/clang/9.0.1/include -internal-externc-isystem /data/user/0/ru.iiec.cxxdroid/files/sysroot/usr/include/aarch64-linux-android -internal-externc-isystem /data/user/0/ru.iiec.cxxdroid/files/sysroot/include -internal-externc-isystem /data/user/0/ru.iiec.cxxdroid/files/sysroot/usr/include -Wall -std=c99 -fdebug-compilation-dir /storage/emulated/0/prj/TechnoWar/sdlview/CMakeFiles/CMakeTmp -ferror-limit 19 -fmessage-length 0 -fallow-void-main -fno-signed-char -fobjc-runtime=gcc -fdiagnostics-show-option -o CMakeFiles/cmTC_5b38f.dir/CMakeCCompilerABI.c.o -x c /data/data/ru.iiec.cxxdroid/files/share/cmake-3.20/Modules/CMakeCCompilerABI.c]
  ignore line: [clang -cc1 version 9.0.1 based upon LLVM 9.0.1 default target aarch64-linux-android21]
  ignore line: [#include "..." search starts here:]
  ignore line: [#include <...> search starts here:]
  ignore line: [ /data/user/0/ru.iiec.cxxdroid/files/sysroot/usr/local/include]
  ignore line: [ /data/data/ru.iiec.cxxdroid/files/lib/clang/9.0.1/include]
  ignore line: [ /data/user/0/ru.iiec.cxxdroid/files/sysroot/usr/include/aarch64-linux-android]
  ignore line: [ /data/user/0/ru.iiec.cxxdroid/files/sysroot/include]
  ignore line: [ /data/user/0/ru.iiec.cxxdroid/files/sysroot/usr/include]
  ignore line: [End of search list.]
  ignore line: [Linking C executable cmTC_5b38f]
  ignore line: [/data/data/ru.iiec.cxxdroid/files/bin/cmake -E cmake_link_script CMakeFiles/cmTC_5b38f.dir/link.txt --verbose=1]
  ignore line: [/data/user/0/ru.iiec.cxxdroid/files/bin/clang -Wall -std=c99 -fallow-void-main  -lm -ldl -llog -lz -v CMakeFiles/cmTC_5b38f.dir/CMakeCCompilerABI.c.o -o cmTC_5b38f ]
  ignore line: [clang version 9.0.1 ]
  ignore line: [Target: aarch64-unknown-linux-android21]
  ignore line: [Thread model: posix]
  ignore line: [InstalledDir: /data/user/0/ru.iiec.cxxdroid/files/bin]
  ignore line: [Found candidate GCC installation: /data/user/0/ru.iiec.cxxdroid/files/bin/../lib/gcc/aarch64-linux-android/4.9.x]
  ignore line: [Selected GCC installation: /data/user/0/ru.iiec.cxxdroid/files/bin/../lib/gcc/aarch64-linux-android/4.9.x]
  ignore line: [Candidate multilib: .]
  ignore line: [@m64]
  ignore line: [Selected multilib: .]
  ignore line: [@m64]
  link line: [ "/data/user/0/ru.iiec.cxxdroid/files/bin/ld" --sysroot=/data/user/0/ru.iiec.cxxdroid/files/sysroot -pie -z noexecstack -EL --fix-cortex-a53-843419 --warn-shared-textrel -z now -z relro -z max-page-size=4096 --hash-style=sysv --enable-new-dtags --eh-frame-hdr -m aarch64linux -dynamic-linker /system/bin/linker64 -o cmTC_5b38f /data/user/0/ru.iiec.cxxdroid/files/sysroot/usr/lib/crtbegin_dynamic.o -L/data/user/0/ru.iiec.cxxdroid/files/bin/../lib/gcc/aarch64-linux-android/4.9.x -L/data/user/0/ru.iiec.cxxdroid/files/bin/../lib/gcc/aarch64-linux-android/4.9.x/../../../../aarch64-linux-android/lib -L/data/user/0/ru.iiec.cxxdroid/files/sysroot/lib -L/data/user/0/ru.iiec.cxxdroid/files/sysroot/usr/lib -lm -ldl -llog -lz CMakeFiles/cmTC_5b38f.dir/CMakeCCompilerABI.c.o -lgcc -ldl -lc -lgcc -ldl /data/user/0/ru.iiec.cxxdroid/files/sysroot/usr/lib/crtend_android.o]
    arg [/data/user/0/ru.iiec.cxxdroid/files/bin/ld] ==> ignore
    arg [--sysroot=/data/user/0/ru.iiec.cxxdroid/files/sysroot] ==> ignore
    arg [-pie] ==> ignore
    arg [-znoexecstack] ==> ignore
    arg [-EL] ==> ignore
    arg [--fix-cortex-a53-843419] ==> ignore
    arg [--warn-shared-textrel] ==> ignore
    arg [-znow] ==> ignore
    arg [-zrelro] ==> ignore
    arg [-zmax-page-size=4096] ==> ignore
    arg [--hash-style=sysv] ==> ignore
    arg [--enable-new-dtags] ==> ignore
    arg [--eh-frame-hdr] ==> ignore
    arg [-m] ==> ignore
    arg [aarch64linux] ==> ignore
    arg [-dynamic-linker] ==> ignore
    arg [/system/bin/linker64] ==> ignore
    arg [-o] ==> ignore
    arg [cmTC_5b38f] ==> ignore
    arg [/data/user/0/ru.iiec.cxxdroid/files/sysroot/usr/lib/crtbegin_dynamic.o] ==> obj [/data/user/0/ru.iiec.cxxdroid/files/sysroot/usr/lib/crtbegin_dynamic.o]
    arg [-L/data/user/0/ru.iiec.cxxdroid/files/bin/../lib/gcc/aarch64-linux-android/4.9.x] ==> dir [/data/user/0/ru.iiec.cxxdroid/files/bin/../lib/gcc/aarch64-linux-android/4.9.x]
    arg [-L/data/user/0/ru.iiec.cxxdroid/files/bin/../lib/gcc/aarch64-linux-android/4.9.x/../../../../aarch64-linux-android/lib] ==> dir [/data/user/0/ru.iiec.cxxdroid/files/bin/../lib/gcc/aarch64-linux-android/4.9.x/../../../../aarch64-linux-android/lib]
    arg [-L/data/user/0/ru.iiec.cxxdroid/files/sysroot/lib] ==> dir [/data/user/0/ru.iiec.cxxdroid/files/sysroot/lib]
    arg [-L/data/user/0/ru.iiec.cxxdroid/files/sysroot/usr/lib] ==> dir [/data/user/0/ru.iiec.cxxdroid/files/sysroot/usr/lib]
    arg [-lm] ==> lib [m]
    arg [-ldl] ==> lib [dl]
    arg [-llog] ==> lib [log]
    arg [-lz] ==> lib [z]
    arg [CMakeFiles/cmTC_5b38f.dir/CMakeCCompilerABI.c.o] ==> ignore
    arg [-lgcc] ==> lib [gcc]
    arg [-ldl] ==> lib [dl]
    arg [-lc] ==> lib [c]
    arg [-lgcc] ==> lib [gcc]
    arg [-ldl] ==> lib [dl]
    arg [/data/user/0/ru.iiec.cxxdroid/files/sysroot/usr/lib/crtend_android.o] ==> obj [/data/user/0/ru.iiec.cxxdroid/files/sysroot/usr/lib/crtend_android.o]
  collapse library dir [/data/user/0/ru.iiec.cxxdroid/files/bin/../lib/gcc/aarch64-linux-android/4.9.x] ==> [/data/user/0/ru.iiec.cxxdroid/files/lib/gcc/aarch64-linux-android/4.9.x]
  collapse library dir [/data/user/0/ru.iiec.cxxdroid/files/bin/../lib/gcc/aarch64-linux-android/4.9.x/../../../../aarch64-linux-android/lib] ==> [/data/user/0/ru.iiec.cxxdroid/files/aarch64-linux-android/lib]
  collapse library dir [/data/user/0/ru.iiec.cxxdroid/files/sysroot/lib] ==> [/data/user/0/ru.iiec.cxxdroid/files/sysroot/lib]
  collapse library dir [/data/user/0/ru.iiec.cxxdroid/files/sysroot/usr/lib] ==> [/data/user/0/ru.iiec.cxxdroid/files/sysroot/usr/lib]
  implicit libs: [m;dl;log;z;gcc;dl;c;gcc;dl]
  implicit objs: [/data/user/0/ru.iiec.cxxdroid/files/sysroot/usr/lib/crtbegin_dynamic.o;/data/user/0/ru.iiec.cxxdroid/files/sysroot/usr/lib/crtend_android.o]
  implicit dirs: [/data/user/0/ru.iiec.cxxdroid/files/lib/gcc/aarch64-linux-android/4.9.x;/data/user/0/ru.iiec.cxxdroid/files/aarch64-linux-android/lib;/data/user/0/ru.iiec.cxxdroid/files/sysroot/lib;/data/user/0/ru.iiec.cxxdroid/files/sysroot/usr/lib]
  implicit fwks: []


Determining if the include file pthread.h exists passed with the following output:
Change Dir: /storage/emulated/0/prj/TechnoWar/sdlview/CMakeFiles/CMakeTmp

Run Build Command(s):/data/user/0/ru.iiec.cxxdroid/files/bin/make -f Makefile cmTC_21424/fast && /data/user/0/ru.iiec.cxxdroid/files/bin/make  -f CMakeFiles/cmTC_21424.dir/build.make CMakeFiles/cmTC_21424.dir/build
make[1]: Entering directory '/storage/emulated/0/prj/TechnoWar/sdlview/CMakeFiles/CMakeTmp'
Building C object CMakeFiles/cmTC_21424.dir/CheckIncludeFile.c.o
/data/user/0/ru.iiec.cxxdroid/files/bin/clang   -Wall -std=c99 -fallow-void-main  -std=gnu11 -MD -MT CMakeFiles/cmTC_21424.dir/CheckIncludeFile.c.o -MF CMakeFiles/cmTC_21424.dir/CheckIncludeFile.c.o.d -o CMakeFiles/cmTC_21424.dir/CheckIncludeFile.c.o -c /storage/emulated/0/prj/TechnoWar/sdlview/CMakeFiles/CMakeTmp/CheckIncludeFile.c
Linking C executable cmTC_21424
/data/data/ru.iiec.cxxdroid/files/bin/cmake -E cmake_link_script CMakeFiles/cmTC_21424.dir/link.txt --verbose=1
/data/user/0/ru.iiec.cxxdroid/files/bin/clang -Wall -std=c99 -fallow-void-main  -lm -ldl -llog -lz  CMakeFiles/cmTC_21424.dir/CheckIncludeFile.c.o -o cmTC_21424 
make[1]: Leaving directory '/storage/emulated/0/prj/TechnoWar/sdlview/CMakeFiles/CMakeTmp'



